<?xml version="1.0" encoding="UTF-8"?>
<!-- Generated by org.testng.reporters.JUnitXMLReporter -->
<testsuite ignored="0" hostname="DESKTOP-GIDSMIF" failures="0" tests="5" name="Test" time="51.007" errors="0" timestamp="2021-11-10T18:28:07 EST">
  <testcase classname="com.melshalati.testCases.CheckBoxes" name="checkBoxes" time="12.231"/>
  <testcase classname="com.melshalati.testCases.CheckingStatements" name="checkingDifferentStatements" time="6.813"/>
  <testcase classname="com.melshalati.testCases.ClickingAPopUp" name="clickAPopUp" time="5.88"/>
  <testcase classname="com.melshalati.testCases.DropDownMenu" name="dropDownMenu" time="4.74"/>
  <testcase classname="com.melshalati.testCases.SwitchWindows" name="switchWindows" time="8.135"/>
</testsuite> <!-- Test -->
