<?xml version="1.0" encoding="UTF-8"?>
<testng-results ignored="0" total="5" passed="5" failed="0" skipped="0">
  <reporter-output>
  </reporter-output>
  <suite started-at="2021-11-10T18:27:16 EST" name="Suite" finished-at="2021-11-10T18:28:07 EST" duration-ms="51007">
    <groups>
    </groups>
    <test started-at="2021-11-10T18:27:16 EST" name="Test" finished-at="2021-11-10T18:28:07 EST" duration-ms="51007">
      <class name="com.melshalati.testCases.DropDownMenu">
        <test-method is-config="true" signature="openBrowser()[pri:0, instance:com.melshalati.testCases.DropDownMenu@649bec2e]" started-at="2021-11-10T18:27:19 EST" name="openBrowser" finished-at="2021-11-10T18:27:20 EST" duration-ms="846" status="PASS">
          <reporter-output>
          </reporter-output>
        </test-method> <!-- openBrowser -->
        <test-method signature="dropDownMenu()[pri:0, instance:com.melshalati.testCases.DropDownMenu@649bec2e]" started-at="2021-11-10T18:27:46 EST" name="dropDownMenu" finished-at="2021-11-10T18:27:50 EST" duration-ms="4740" status="PASS">
          <reporter-output>
          </reporter-output>
        </test-method> <!-- dropDownMenu -->
        <test-method is-config="true" signature="closeAll()[pri:0, instance:com.melshalati.testCases.DropDownMenu@649bec2e]" started-at="2021-11-10T18:28:03 EST" name="closeAll" finished-at="2021-11-10T18:28:07 EST" duration-ms="4148" status="PASS">
          <reporter-output>
          </reporter-output>
        </test-method> <!-- closeAll -->
      </class> <!-- com.melshalati.testCases.DropDownMenu -->
      <class name="com.melshalati.testCases.CheckBoxes">
        <test-method is-config="true" signature="openBrowser()[pri:0, instance:com.melshalati.testCases.CheckBoxes@51dcb805]" started-at="2021-11-10T18:27:16 EST" name="openBrowser" finished-at="2021-11-10T18:27:17 EST" duration-ms="1116" status="PASS">
          <reporter-output>
          </reporter-output>
        </test-method> <!-- openBrowser -->
        <test-method signature="checkBoxes()[pri:0, instance:com.melshalati.testCases.CheckBoxes@51dcb805]" started-at="2021-11-10T18:27:21 EST" name="checkBoxes" finished-at="2021-11-10T18:27:33 EST" duration-ms="12231" status="PASS">
          <reporter-output>
          </reporter-output>
        </test-method> <!-- checkBoxes -->
        <test-method is-config="true" signature="closeAll()[pri:0, instance:com.melshalati.testCases.CheckBoxes@51dcb805]" started-at="2021-11-10T18:27:58 EST" name="closeAll" finished-at="2021-11-10T18:27:59 EST" duration-ms="64" status="PASS">
          <reporter-output>
          </reporter-output>
        </test-method> <!-- closeAll -->
      </class> <!-- com.melshalati.testCases.CheckBoxes -->
      <class name="com.melshalati.testCases.SwitchWindows">
        <test-method is-config="true" signature="openBrowser()[pri:0, instance:com.melshalati.testCases.SwitchWindows@693fe6c9]" started-at="2021-11-10T18:27:20 EST" name="openBrowser" finished-at="2021-11-10T18:27:21 EST" duration-ms="931" status="PASS">
          <reporter-output>
          </reporter-output>
        </test-method> <!-- openBrowser -->
        <test-method signature="switchWindows()[pri:0, instance:com.melshalati.testCases.SwitchWindows@693fe6c9]" started-at="2021-11-10T18:27:50 EST" name="switchWindows" finished-at="2021-11-10T18:27:58 EST" duration-ms="8135" status="PASS">
          <reporter-output>
          </reporter-output>
        </test-method> <!-- switchWindows -->
        <test-method is-config="true" signature="closeAll()[pri:0, instance:com.melshalati.testCases.SwitchWindows@693fe6c9]" started-at="2021-11-10T18:28:07 EST" name="closeAll" finished-at="2021-11-10T18:28:07 EST" duration-ms="139" status="PASS">
          <reporter-output>
          </reporter-output>
        </test-method> <!-- closeAll -->
      </class> <!-- com.melshalati.testCases.SwitchWindows -->
      <class name="com.melshalati.testCases.CheckingStatements">
        <test-method is-config="true" signature="openBrowser()[pri:0, instance:com.melshalati.testCases.CheckingStatements@27ff5d15]" started-at="2021-11-10T18:27:17 EST" name="openBrowser" finished-at="2021-11-10T18:27:18 EST" duration-ms="827" status="PASS">
          <reporter-output>
          </reporter-output>
        </test-method> <!-- openBrowser -->
        <test-method signature="checkingDifferentStatements()[pri:0, instance:com.melshalati.testCases.CheckingStatements@27ff5d15]" started-at="2021-11-10T18:27:33 EST" name="checkingDifferentStatements" finished-at="2021-11-10T18:27:40 EST" duration-ms="6813" status="PASS">
          <reporter-output>
          </reporter-output>
        </test-method> <!-- checkingDifferentStatements -->
        <test-method is-config="true" signature="closeAll()[pri:0, instance:com.melshalati.testCases.CheckingStatements@27ff5d15]" started-at="2021-11-10T18:27:59 EST" name="closeAll" finished-at="2021-11-10T18:27:59 EST" duration-ms="61" status="PASS">
          <reporter-output>
          </reporter-output>
        </test-method> <!-- closeAll -->
      </class> <!-- com.melshalati.testCases.CheckingStatements -->
      <class name="com.melshalati.testCases.ClickingAPopUp">
        <test-method is-config="true" signature="openBrowser()[pri:0, instance:com.melshalati.testCases.ClickingAPopUp@4e096385]" started-at="2021-11-10T18:27:18 EST" name="openBrowser" finished-at="2021-11-10T18:27:19 EST" duration-ms="899" status="PASS">
          <reporter-output>
          </reporter-output>
        </test-method> <!-- openBrowser -->
        <test-method signature="clickAPopUp()[pri:0, instance:com.melshalati.testCases.ClickingAPopUp@4e096385]" started-at="2021-11-10T18:27:40 EST" name="clickAPopUp" finished-at="2021-11-10T18:27:46 EST" duration-ms="5880" status="PASS">
          <reporter-output>
          </reporter-output>
        </test-method> <!-- clickAPopUp -->
        <test-method is-config="true" signature="closeAll()[pri:0, instance:com.melshalati.testCases.ClickingAPopUp@4e096385]" started-at="2021-11-10T18:27:59 EST" name="closeAll" finished-at="2021-11-10T18:28:03 EST" duration-ms="4159" status="PASS">
          <reporter-output>
          </reporter-output>
        </test-method> <!-- closeAll -->
      </class> <!-- com.melshalati.testCases.ClickingAPopUp -->
    </test> <!-- Test -->
  </suite> <!-- Suite -->
</testng-results>
